Message: 1905d6 2025
Message: 7061e 2025
Message: 7061e 2026
Message: 7061e 2029
Message: a06ac 2025
Message: a06ac 2026
Message: a06ac 2029
Message: 70620 2025
Message: 70620 2026
Message: 70620 2029
Message: 506e4 2025
Message: 506e4 2026
Message: 506e4 2029
Message: 5070c 2025
Message: 5070c 2026
Message: 5070c 2029
Message: 13068c 2025
Message: 13068c 2026
Message: 13068c 2029
Message: d062a 2025
Message: d062a 2026
Message: d062a 2029
Message: b0680 2025
Message: b0680 2026
Message: b0680 2029
Message: 50654 2025
Message: 50654 2026
Message: 50654 2029
Message: 5060c 2025
Message: 5060c 2026
Message: 5060c 2029
Message: 505fa 2025
Message: 505fa 2026
Message: 505fa 2029
Message: 505fc 2025
Message: 505fc 2026
Message: 505fc 2029
Message: 505fe 2025
Message: 505fe 2026
Message: 505fe 2029
Message: 506a8 2025
Message: 506a8 2026
Message: 506a8 2029
Message: 506aa 2025
Message: 506aa 2029
Message: 506aa 2026
Message: 303a2 2025
Message: 200276 2025
Message: 200276 2029
Message: 200276 2026
Message: 2804ec 2025
Message: 2804ec 2029
Message: 2804ec 2026
Message: 190464 2025
Message: d05e6 2025
Message: d05e6 2026
Message: d05e6 2029
Message: 1f0572 2025
Message: 1f0572 2026
Message: 1f0572 2029
Message: 1a0238 2025
Message: 1a0238 2026
Message: 1a0238 2029
Message: 1205d0 2025
Message: 1205d0 2026
Message: 1205d0 2029
Message: 303f8 2025
Message: 303f8 2026
Message: 303f8 2029
Message: 303d6 2025
Message: 303d6 2026
Message: 303d6 2029
Message: 3034c 2025
Message: 3034c 2026
Message: 3034c 2029
Message: 3036a 2025
Message: 3036a 2026
Message: 3036a 2029
Message: 210562 2025
Message: 210562 2026
Message: 210562 2029
Message: 160716 2025
Message: 160716 2026
Message: 160716 2029
Message: 30430 2025
Message: 30430 2026
Message: 30430 2029
Message: 40456 2025
Message: 40456 2026
Message: 40456 2029
Message: 50242 2025
Message: 50242 2026
Message: 50242 2029
Message: 30410 2025
Message: 30410 2026
Message: 30410 2029
Message: 607dc 2025
Message: 607dc 2026
Message: 607dc 2029
Message: 1905d6 2029
Message: 1905d6 2026
Message: 1905d6 49299
Message: 1905d6 2027
Message: 1905d6 2026
Message: 1905d6 2029
Message: 60662 5
Message: b0684 5
Message: 1006c4 5
Message: 5060a 5
Message: 50604 5
Message: 2a04d2 5
Message: 303be 5
Message: 303ca 5
Message: 2b0588 5
Message: 2302b0 5
Message: 1504b8 5
Message: 2d0278 5
Message: 2502aa 5
Message: 2902c0 5
Message: 1c0212 5
Message: 1902ca 5
Message: 301f4 5
Message: 303fc 5
Message: 3032e 5
Message: 30352 5
Message: 3035e 5
Message: 80488 5
Message: 30412 5
Message: 70778 5
Message: 2904aa 2036
Message: 1905d6 15
Message: 7061e 15
Message: 7061c 15
Message: 100678 15
Message: a05a6 15
Message: 3002d8 15
Message: 250552 15
Message: 1502e6 15
Message: 1c05de 15
Message: 507be 15
Message: 507c0 15
Message: 807c2 15
Message: 34057c 15
Message: 1d04a4 15
Message: 70620 15
Message: 706f2 15
Message: a06ac 15
Message: a06ac 512
Message: 200796 275
Message: a06ac 512
Message: a06ac 512
Message: a06ac 512
Message: a06ac 512
Message: a06ac 512
Message: a06ac 512
Message: a06ac 512
Message: 70620 512
Message: 1905d6 512
Message: 34057c 512
Message: 1d04a4 512
Message: 34057c 675
Message: 1d04a4 512
Message: 1905d6 512
Message: 1d04a4 675
Message: 1905d6 160
Message: 1905d6 160
Message: 1905d6 160
Message: 1d04a4 512
Message: 1905d6 512
Message: 1d04a4 675
Message: 34057c 512
Message: 34057c 512
Message: 34057c 512
Message: 34057c 512
Message: 34057c 512
Message: 1905d6 512
Message: 34057c 675
Message: 1d04a4 512
Message: 1d04a4 512
Message: 1d04a4 512
Message: 1d04a4 512
Message: 1905d6 512
Message: 1d04a4 675
Message: 1905d6 512
Message: 1905d6 512
Message: 1905d6 512
Message: 1905d6 512
Message: 1905d6 512
Message: 1905d6 512
Message: 1905d6 512
Message: 1905d6 512
Message: 1905d6 512
Message: 1905d6 512
Message: 1905d6 512
Message: 1905d6 512
Message: 1d04a4 512
Message: 1d04a4 512
Message: 1d04a4 512
Message: 1d04a4 512
Message: 1d04a4 512
Message: 1d04a4 512
Message: 1d04a4 512
Message: 1d04a4 512
Message: 1d04a4 512
Message: 1905d6 512
Message: 1d04a4 675
Message: 1905d6 512
Message: 1905d6 512
Message: 1905d6 512
Message: 1905d6 512
Message: 1905d6 512
Message: 1905d6 512
Message: 1905d6 512
Message: 1905d6 512
Message: 1905d6 512
Message: 1905d6 512
Message: 1905d6 512
Message: 1905d6 160
Message: 1905d6 160
Message: 1905d6 160
Message: 1905d6 160
Message: 1905d6 160
Message: 1905d6 160
Message: 1905d6 160
Message: 1905d6 160
Message: 1905d6 161
Message: 1905d6 273
Message: 1d04a4 512
Message: 607d4 2025
Message: a081a 2025
Message: a081a 2026
Message: a081a 2029
Message: 607d4 2026
Message: 607d4 2029
Message: 607d4 2027
Message: 2904aa 2036
Message: 607d4 512
Message: 607d4 15
Message: a081a 15
Message: e0744 15
Message: 90820 15
Message: e0826 15
Message: 8087c 15
Message: 1905d6 15
Message: 70620 15
Message: 706f2 15
Message: a06ac 15
Message: 607d4 514
Message: 200796 275
Message: 607d4 512
Message: 607d4 512
Message: 607d4 512
Message: 607d4 512
Message: 607d4 512
Message: 607d4 512
Message: 607d4 512
Message: 607d4 512
Message: 607d4 512
Message: 607d4 512
Message: 607d4 512
Message: 607d4 512
Message: 607d4 512
Message: 607d4 512
Message: 607d4 512
Message: 607d4 512
Message: 607d4 512
Message: 607d4 512
Message: 607d4 512
Message: 607d4 512
Message: 90820 512
Message: 90820 512
Message: 90820 512
Message: 90820 512
Message: 90820 512
Message: 90820 512
Message: 90820 512
Message: 90820 512
Message: 90820 512
Message: 90820 512
Message: 90820 512
Message: 90820 512
Message: 90820 512
Message: 90820 512
Message: 90820 512
Message: 90820 512
Message: 90820 513
Message: 90820 15
Message: 90820 514
Message: 607d4 2031
Message: a06ac 512
Message: 1905d6 15
Message: 70620 15
Message: 706f2 15
Message: a06ac 15
Message: 60242 2025
Message: 60242 2026
Message: 60242 2029
Message: 908a0 2025
Message: 908a0 2026
Message: 908a0 2029
Message: 8089c 2025
Message: 8089c 2026
Message: 8089c 2029
Message: 90776 2025
Message: 90776 2026
Message: 90776 2029
Message: a0776 2025
Message: a0776 2026
Message: a0776 2029
Message: b0776 2025
Message: b0776 2026
Message: b0776 2029
Message: a07de 2025
Message: a07de 2026
Message: a07de 2029
Message: c0776 2025
Message: c0776 2026
Message: c0776 2029
Message: b07de 2025
Message: b07de 2026
Message: b07de 2029
Message: a086e 2025
Message: a086e 2026
Message: a086e 2029
Message: 2904aa 2036
Message: a08a6 5
Message: 90854 5
Message: a06ac 512
Message: 1905d6 15
Message: 7061e 15
Message: 70620 15
Message: 706f2 15
Message: a06ac 15
Message: a06ac 512
Message: 200796 275
Message: a06ac 512
Message: a06ac 512
Message: a06ac 512
Message: a06ac 512
Message: a06ac 512
Message: a06ac 512
Message: a06ac 512
Message: a06ac 512
Message: a06ac 512
Message: a06ac 512
Message: a06ac 512
Message: a06ac 512
Message: a06ac 512
Message: a06ac 512
Message: a06ac 512
Message: 70620 512
Message: 70620 512
Message: 70620 512
Message: 70620 512
Message: 70620 512
Message: 70620 512
Message: 70620 512
Message: 70620 512
Message: 1905d6 512
Message: 1905d6 512
Message: 1905d6 512
Message: 1905d6 512
Message: 1c05de 512
Message: 1c05de 512
Message: 1c05de 512
Message: 1c05de 512
Message: 1c05de 512
Message: 1c05de 512
Message: 1c05de 512
Message: 1c05de 512
Message: 1c05de 512
Message: 1c05de 512
Message: 1c05de 512
Message: 1c05de 512
Message: 1c05de 512
Message: 1c05de 512
Message: 1c05de 512
Message: 1c05de 512
Message: 1c05de 512
Message: 1c05de 512
Message: 1c05de 512
Message: 1c05de 512
Message: 1c05de 512
Message: 1c05de 512
Message: 1c05de 512
Message: 1c05de 512
Message: 1c05de 512
Message: 1c05de 512
Message: 1c05de 512
Message: 1c05de 512
Message: 1c05de 512
Message: 1c05de 512
Message: 1c05de 513
Message: 1c05de 15
Message: 1c05de 514
Message: 1905d6 2031
Message: 1c05de 512
Message: 1c05de 15
Message: 1c05de 512
Message: 1905d6 15
Message: 7061e 15
Message: 1c05de 15
Message: b0680 15
Message: 50652 15
Message: 5064a 15
Message: 50642 15
Message: 50640 15
Message: 50664 15
Message: 50666 15
Message: 50668 15
Message: 50656 15
Message: 1006e8 15
Message: 100674 15
Message: 10067e 15
Message: 10067c 15
Message: 10067a 15
Message: 1306ea 15
Message: 1306d2 15
Message: 140694 15
Message: 130690 15
Message: 1306ee 15
Message: 130696 15
Message: 130698 15
Message: 140676 15
Message: 60658 15
Message: 6065a 15
Message: 6065c 15
Message: 6065e 15
Message: b0682 15
Message: b0684 15
Message: 5064c 15
Message: 5064e 15
Message: 50650 15
Message: 200796 275
Message: 1c05de 512
Message: 1c05de 512
Message: 1c05de 512
Message: 1c05de 512
Message: 1c05de 512
Message: 1c05de 512
Message: 1c05de 512
Message: 1c05de 512
Message: 1c05de 512
Message: 1c05de 512
Message: 1c05de 512
Message: 1c05de 512
Message: 1c05de 512
Message: 1c05de 512
Message: 1c05de 512
Message: 1c05de 512
Message: 1905d6 512
Message: 1c05de 675
Message: 1905d6 512
Message: 1502e6 512
Message: 1502e6 512
Message: 1502e6 512
Message: 1502e6 512
Message: 1502e6 512
Message: 1502e6 512
Message: 1502e6 512
Message: 1502e6 512
Message: 1502e6 512
Message: 1502e6 513
Message: 1502e6 15
Message: 1c05de 15
Message: 1502e6 514
Message: 1905d6 2031
Message: 1502e6 512
Message: 1502e6 15
Message: b07d2 2025
Message: b07d2 2026
Message: b07d2 2029
Message: 108f0 2025
Message: 108f0 2026
Message: 108f0 2029
Message: 10920 2025
Message: 10920 2026
Message: 10920 2029
Message: 1095e 2025
Message: 10984 2025
Message: 10984 2026
Message: 10984 2029
Message: 1095e 2026
Message: 1095e 2029
Message: 109ba 2025
Message: 109d0 2025
Message: 109d0 2026
Message: 109d0 2029
Message: 109f8 2025
Message: 109f8 2026
Message: 109f8 2029
Message: 10a16 2025
Message: 10a16 2026
Message: 10a16 2029
Message: 10a42 2025
Message: 10a42 2026
Message: 10a42 2029
Message: 109ba 2026
Message: 109ba 2029
Message: 1090c 5
Message: 10914 5
Message: 1091a 5
Message: 109bc 5
Message: 1502e6 512
Message: 1905d6 15
Message: 7061e 15
Message: 1502e6 15
Message: 50654 15
Message: a07b4 15
Message: b07d2 15
Message: d0856 15
Message: d08bc 15
Message: 10083e 15
Message: f08b8 15
Message: f088c 15
Message: f0828 15
Message: 308c2 15
Message: 1502e6 512
Message: 1502e6 512
Message: 1905d6 512
Message: 1502e6 675
Message: 1905d6 512
Message: 1c05de 512
Message: 1c05de 512
Message: 1c05de 512
Message: 507be 512
Message: 1c05de 675
Message: 507be 512
Message: 507be 512
Message: 507be 512
Message: 507be 512
Message: 507be 512
Message: 507be 512
Message: 200796 275
Message: 507be 512
Message: 507be 512
Message: 507be 512
Message: 507be 512
Message: 507be 512
Message: 1905d6 512
Message: 507be 675
Message: 1905d6 512
Message: 1905d6 512
Message: 1905d6 512
Message: 1905d6 512
Message: 1c05de 512
Message: 1c05de 512
Message: 1c05de 512
Message: 1c05de 512
Message: 1c05de 512
Message: 1c05de 512
Message: 1c05de 512
Message: 1c05de 512
Message: 1c05de 512
Message: 507be 512
Message: 1c05de 675
Message: 507be 512
Message: 1905d6 512
Message: 507be 675
Message: 1905d6 512
Message: 1905d6 512
Message: 50654 512
Message: b07d2 512
Message: b07d2 512
Message: b07d2 512
Message: b07d2 512
Message: b07d2 512
Message: a07b4 512
Message: a07b4 512
Message: a07b4 512
Message: a07b4 512
Message: a07b4 512
Message: a07b4 512
Message: a07b4 512
Message: a07b4 512
Message: a07b4 512
Message: a07b4 512
Message: a07b4 512
Message: 1905d6 512
Message: 1905d6 512
Message: 1905d6 512
Message: 807c2 512
Message: 1905d6 512
Message: 807c2 675
Message: 507c0 512
Message: 507be 512
Message: 507c0 675
Message: 1c05de 512
Message: 507be 675
Message: 1c05de 512
Message: 1905d6 512
Message: 1c05de 675
Message: 1502e6 512
Message: 1502e6 512
Message: 1905d6 512
Message: 1502e6 675
Message: 250552 512
Message: 250552 512
Message: 250552 512
Message: 250552 512
Message: 250552 512
Message: 250552 512
Message: 250552 512
Message: 250552 512
Message: 250552 512
Message: 250552 512
Message: 250552 512
Message: 1905d6 512
Message: 250552 675
Message: 1905d6 512
Message: 3002d8 512
Message: 3002d8 512
Message: 3002d8 512
Message: 3002d8 512
Message: 3002d8 512
Message: 3002d8 512
Message: 3002d8 512
Message: 3002d8 512
Message: 3002d8 512
Message: 3002d8 512
Message: 250552 512
Message: 3002d8 675
Message: 250552 512
Message: 250552 512
Message: 250552 512
Message: 250552 512
Message: 250552 512
Message: 250552 512
Message: 250552 512
Message: 250552 512
Message: 250552 512
Message: 250552 512
Message: 250552 512
Message: 1905d6 512
Message: 250552 675
Message: 1905d6 512
Message: 3002d8 512
Message: 3002d8 512
Message: 3002d8 512
Message: 3002d8 512
Message: 3002d8 512
Message: 3002d8 512
Message: 3002d8 512
Message: 3002d8 512
Message: 3002d8 512
Message: 3002d8 512
Message: 3002d8 512
Message: 3002d8 512
Message: 3002d8 512
Message: 3002d8 512
Message: 3002d8 512
Message: 1905d6 512
Message: 3002d8 675
Message: 250552 512
Message: 250552 512
Message: 250552 512
Message: 1502e6 512
Message: 250552 675
Message: 1502e6 512
Message: 1502e6 512
Message: 1905d6 512
Message: 1502e6 675
Message: 1905d6 512
Message: 1905d6 512
Message: 1905d6 512
Message: 1c05de 512
Message: 1c05de 512
Message: 1c05de 512
Message: 1c05de 512
Message: 1c05de 512
Message: 1c05de 512
Message: 1c05de 512
Message: 1c05de 512
Message: 1c05de 512
Message: 1c05de 513
Message: 1502e6 15
Message: 1c05de 15
Message: 1c05de 514
Message: 1905d6 2031
Message: 1c05de 512
Message: 1c05de 15
Message: 1c05de 512
Message: 1905d6 15
Message: 7061e 15
Message: 1c05de 15
Message: b0680 15
Message: 50652 15
Message: 5064a 15
Message: 50642 15
Message: 50640 15
Message: 50664 15
Message: 50666 15
Message: 50668 15
Message: 50656 15
Message: 1006e8 15
Message: 100674 15
Message: 10067e 15
Message: 10067c 15
Message: 10067a 15
Message: 1306ea 15
Message: 1306d2 15
Message: 140694 15
Message: 130690 15
Message: 1306ee 15
Message: 130696 15
Message: 130698 15
Message: 140676 15
Message: 60658 15
Message: 6065a 15
Message: 6065c 15
Message: 6065e 15
Message: b0682 15
Message: b0684 15
Message: 5064c 15
Message: 5064e 15
Message: 50650 15
Message: 200796 275
Message: 1c05de 512
Message: 1c05de 512
Message: 1c05de 512
Message: 1905d6 512
Message: 1c05de 675
Message: 1905d6 512
Message: 1905d6 512
Message: 1502e6 512
Message: 1502e6 512
Message: 1502e6 512
Message: 1502e6 512
Message: 1502e6 512
Message: 1502e6 512
Message: 1502e6 512
Message: 1502e6 512
Message: 1502e6 513
Message: 1502e6 15
Message: 1c05de 15
Message: 1502e6 514
Message: 1905d6 2031
Message: 1502e6 512
Message: 1502e6 15
Message: 209ba 2025
Message: 209ba 2026
Message: 209ba 2029
Message: 20a34 2025
Message: 20a34 2026
Message: 20a34 2029
Message: 209d4 2025
Message: 209d4 2026
Message: 209d4 2029
Message: 20986 2025
Message: 209b0 2025
Message: 209b0 2026
Message: 209b0 2029
Message: 20986 2026
Message: 20986 2029
Message: 20952 2025
Message: 20936 2025
Message: 20936 2026
Message: 20936 2029
Message: 208f6 2025
Message: 208f6 2026
Message: 208f6 2029
Message: 20914 2025
Message: 20914 2026
Message: 20914 2029
Message: c0850 2025
Message: c0850 2026
Message: c0850 2029
Message: 20952 2026
Message: 20952 2029
Message: 20a06 5
Message: 20a10 5
Message: 209d0 5
Message: 20922 5
Message: 1502e6 512
Message: 1905d6 15
Message: 7061e 15
Message: 1502e6 15
Message: 50654 15
Message: b07b4 15
Message: 209ba 15
Message: 20a50 15
Message: 20a4e 15
Message: 20a4c 15
Message: 20a44 15
Message: 20a68 15
Message: 20a42 15
Message: 20a26 15
Message: 1502e6 512
Message: 1502e6 512
Message: 1502e6 512
Message: 1905d6 512
Message: 1502e6 675
Message: 1905d6 512
Message: 200796 275
Message: 1905d6 512
Message: 250552 512
Message: 250552 512
Message: 250552 512
Message: 250552 512
Message: 250552 512
Message: 250552 512
Message: 250552 512
Message: 250552 512
Message: 250552 512
Message: 250552 512
Message: 250552 512
Message: 250552 512
Message: 250552 512
Message: 250552 512
Message: 250552 512
Message: 250552 512
Message: 1502e6 512
Message: 250552 675
Message: 1905d6 512
Message: 1502e6 675
Message: 209ba 512
Message: 209ba 512
Message: 209ba 512
Message: 209ba 512
Message: 209ba 512
Message: 20a4e 512
Message: 209ba 512
Message: 20a68 512
Message: 20a68 512
Message: 20a68 512
Message: 209ba 512
Message: 209ba 512
Message: 209ba 512
Message: 209ba 512
Message: 209ba 512
Message: 209ba 512
Message: 209ba 512
Message: 209ba 512
Message: 209ba 512
Message: 209ba 512
Message: 50654 512
Message: b07b4 512
Message: b07b4 512
Message: b07b4 512
Message: b07b4 512
Message: b07b4 512
Message: b07b4 512
Message: b07b4 512
Message: b07b4 512
Message: 50654 512
Message: 1905d6 512
Message: 1905d6 512
Message: 1905d6 512
Message: 1905d6 512
Message: 1905d6 512
Message: 1905d6 512
Message: 1905d6 512
Message: 1905d6 512
Message: 1905d6 512
Message: 1905d6 512
Message: 1905d6 512
Message: b07b4 512
Message: b07b4 512
Message: b07b4 512
Message: b07b4 512
Message: b07b4 512
Message: b07b4 512
Message: b07b4 512
Message: b07b4 512
Message: b07b4 512
Message: b07b4 513
Message: b07b4 512
Message: 7061e 15
Message: b07b4 15
Message: 20986 15
Message: 209ae 15
Message: 209aa 15
Message: 209a8 15
Message: 209a6 15
Message: 209a4 15
Message: 209a2 15
Message: 209a0 15
Message: 2099e 15
Message: 2099c 15
Message: 20996 15
Message: 20994 15
Message: 20992 15
Message: 20990 15
Message: 2098e 15
Message: 2098c 15
Message: 2098a 15
Message: 20988 15
Message: 209ac 15
Message: 209b0 15
Message: 20954 15
Message: 20956 15
Message: 2095a 15
Message: 20920 15
Message: 20982 15
Message: 2097a 15
Message: 20978 15
Message: 20974 15
Message: 2096e 15
Message: 2096c 15
Message: 20962 15
Message: 20960 15
Message: 209b8 15
Message: 209b6 15
Message: 209b2 15
Message: 20968 15
Message: 2096a 15
Message: b07b4 514
Message: b07b4 512
Message: b07b4 512
Message: b07b4 512
Message: b07b4 512
Message: b07b4 512
Message: b07b4 512
Message: b07b4 512
Message: b07b4 512
Message: b07b4 512
Message: b07b4 512
Message: b07b4 512
Message: b07b4 512
Message: b07b4 512
Message: b07b4 512
Message: b07b4 512
Message: b07b4 513
Message: b07b4 512
Message: 7061e 15
Message: b07b4 15
Message: 20952 15
Message: 20932 15
Message: 20930 15
Message: 2092e 15
Message: 2092c 15
Message: 2092a 15
Message: 20928 15
Message: 20926 15
Message: 20924 15
Message: 20922 15
Message: 20934 15
Message: 20936 15
Message: 208f4 15
Message: 2091e 15
Message: 208f0 15
Message: 2095c 15
Message: 20958 15
Message: 20950 15
Message: 2094e 15
Message: 2094c 15
Message: 2094a 15
Message: 20948 15
Message: 20946 15
Message: 20944 15
Message: 20942 15
Message: 20940 15
Message: 2093e 15
Message: 2093c 15
Message: 2093a 15
Message: 20938 15
Message: 208f2 15
Message: b07b4 514
Message: b07b4 512
Message: b07b4 512
Message: b07b4 512
Message: b07b4 512
Message: b07b4 512
Message: b07b4 512
Message: b07b4 512
Message: b07b4 512
Message: b07b4 512
Message: 50654 512
Message: 50654 512
Message: 50654 512
Message: 20952 512
Message: 20952 512
Message: 20952 512
Message: 20952 512
Message: 20952 512
Message: 20952 512
Message: 20952 512
Message: 20952 512
Message: 20952 512
Message: 20952 512
Message: 20922 512
Message: 20922 512
Message: 20922 512
Message: 20922 512
Message: 20922 512
Message: 20922 512
Message: 20922 512
Message: 20922 512
Message: 20922 512
Message: 20922 512
Message: 20922 512
Message: 20922 512
Message: 20922 512
Message: 20922 512
Message: 20922 512
Message: 20922 512
Message: 20922 512
Message: 20922 512
Message: 20922 512
Message: 20922 512
Message: 20922 512
Message: 20922 512
Message: 20922 512
Message: 20922 512
Message: 20922 512
Message: 20922 512
Message: 20922 512
Message: 20922 512
Message: 20922 512
Message: 20922 513
Message: 1502e6 15
Message: 20922 15
Message: 20922 514
Message: 20952 2031
Message: 20922 512
Message: 20952 15
Message: 208f6 15
Message: 20912 15
Message: 20910 15
Message: 2090e 15
Message: 2090c 15
Message: 2090a 15
Message: 20906 15
Message: 20904 15
Message: 20902 15
Message: 20900 15
Message: 208fe 15
Message: 208fc 15
Message: 208fa 15
Message: 208f8 15
Message: 20908 15
Message: 20922 512
Message: 20922 512
Message: 20922 512
Message: 20922 512
Message: 20922 512
Message: 20922 512
Message: 20922 512
Message: 20922 512
Message: 20922 512
Message: 20922 512
Message: 20922 512
Message: 20922 512
Message: 20922 512
Message: 20922 512
Message: 20922 512
Message: 200796 275
Message: 20922 512
Message: 20922 512
Message: 20922 512
Message: 20922 513
Message: 20922 514
Message: 20952 2031
Message: 20922 512
Message: 2090e 15
Message: 208fc 15
Message: 208fa 15
Message: 208f8 15
Message: 20908 15
Message: 20922 51=
